[18:42:09] [ServerMain/INFO]: Environment: authHost='https://authserver.mojang.com', accountsHost='https://api.mojang.com', sessionHost='https://sessionserver.mojang.com', servicesHost='https://api.minecraftservices.com', name='PROD'
[18:42:11] [ServerMain/INFO]: Loaded 7 recipes
[18:42:12] [Server thread/INFO]: Starting minecraft server version 1.20
[18:42:12] [Server thread/INFO]: Loading properties
[18:42:12] [Server thread/INFO]: This server is running Paper version git-Paper-17 (MC: 1.20) (Implementing API version 1.20-R0.1-SNAPSHOT) (Git: c287e92)
[18:42:12] [Server thread/INFO]: Server Ping Player Sample Count: 12
[18:42:12] [Server thread/INFO]: Using 4 threads for Netty based IO
[18:42:13] [Server thread/WARN]: [!] The timings profiler has been enabled but has been scheduled for removal from Paper in the future.
    We recommend installing the spark profiler as a replacement: https://spark.lucko.me/
    For more information please visit: https://github.com/PaperMC/Paper/issues/8948
[18:42:13] [Server thread/INFO]: [ChunkTaskScheduler] Chunk system is using 1 I/O threads, 4 worker threads, and gen parallelism of 4 threads
[18:42:13] [Server thread/INFO]: Default game type: SURVIVAL
[18:42:13] [Server thread/INFO]: Generating keypair
[18:42:13] [Server thread/INFO]: Starting Minecraft server on *:25565
[18:42:13] [Server thread/INFO]: Using default channel type
[18:42:13] [Server thread/INFO]: Paper: Using Java compression from Velocity.
[18:42:13] [Server thread/INFO]: Paper: Using Java cipher from Velocity.
[18:42:13] [Server thread/ERROR]: [ModernPluginLoadingStrategy] Ambiguous plugin name 'BedWars1058' for files 'plugins\BedWars1058.jar' and 'plugins\bedwars-plugin-23.12.2.jar' in 'plugins'
[18:42:15] [Server thread/WARN]: [org.bukkit.craftbukkit.v1_20_R1.legacy.CraftLegacy] Initializing Legacy Material Support. Unless you have legacy plugins and/or data this is a bug!
[18:42:17] [Server thread/WARN]: Legacy plugin BedWars1058-PGStats v2.3 does not specify an api-version.
[18:42:17] [Server thread/WARN]: Legacy plugin BedWars1058-MapSelector v1.4.8 does not specify an api-version.
[18:42:17] [Server thread/WARN]: Legacy plugin BedWars1058-AntiDrop v1.2.1 does not specify an api-version.
[18:42:17] [Server thread/INFO]: [PlaceholderAPI] Loading server plugin PlaceholderAPI v2.11.6
[18:42:17] [Server thread/INFO]: [floodgate] Loading server plugin floodgate v2.2.3-SNAPSHOT (b109-49bd564)
[18:42:18] [Server thread/INFO]: [floodgate] На запуск Floodgate потребовалось 695мс
[18:42:18] [Server thread/INFO]: [ViaVersion] Loading server plugin ViaVersion v5.0.2
[18:42:18] [Server thread/INFO]: [ViaVersion] ViaVersion 5.0.2 is now loaded. Registering protocol transformers and injecting...
[18:42:18] [Via-Mappingloader-0/INFO]: [ViaVersion] Loading block connection mappings ...
[18:42:19] [Via-Mappingloader-0/INFO]: [ViaVersion] Using FastUtil Long2ObjectOpenHashMap for block connections
[18:42:19] [Server thread/INFO]: [ViaBackwards] Loading translations...
[18:42:19] [Server thread/INFO]: [ViaBackwards] Registering protocols...
[18:42:19] [Server thread/INFO]: [BedWars1058] Loading server plugin BedWars1058 v24.9
[18:42:19] [Server thread/INFO]: [BedWars1058] Loading support for paper/spigot: v1_20_R1
[18:42:20] [Server thread/INFO]: [Geyser-Spigot] Loading server plugin Geyser-Spigot v2.4.0-SNAPSHOT
[18:42:20] [Server thread/INFO]: [Geyser-Spigot] Загрузка расширений...
[18:42:20] [Server thread/INFO]: [Geyser-Spigot] Загружено расширений: 0
[18:42:20] [Server thread/INFO]: [ViaBackwards] Loading server plugin ViaBackwards v5.0.1
[18:42:20] [Server thread/INFO]: [DecentHolograms] Loading server plugin DecentHolograms v2.8.11
[18:42:20] [Server thread/INFO]: [ServersNPC] Loading server plugin ServersNPC v4.7
[18:42:20] [Server thread/INFO]: [BedWars1058-TeamSelector] Loading server plugin BedWars1058-TeamSelector v0.7
[18:42:20] [Server thread/INFO]: [OldCombatMechanics] Loading server plugin OldCombatMechanics v2.0.2
[18:42:20] [Server thread/INFO]: [LuckPerms] Loading server plugin LuckPerms v5.4.131
[18:42:21] [Server thread/INFO]: [GrimAC] Loading server plugin GrimAC v2.3.65
[18:42:21] [Server thread/INFO]: [GrimAC] Loading PacketEvents...
[18:42:23] [Server thread/INFO]: [GadgetsMenu] Loading server plugin GadgetsMenu v5.20.3
[18:42:23] [Server thread/INFO]: [BedWars1058-WinStreak] Loading server plugin BedWars1058-WinStreak v2.0.1-BETA
[18:42:23] [Server thread/INFO]: [BedWars1058-Ultimate] Loading server plugin BedWars1058-Ultimate v1.2.0
[18:42:23] [Server thread/INFO]: [BedWars1058-SpectatorOptions] Loading server plugin BedWars1058-SpectatorOptions v2.0.0
[18:42:23] [Server thread/INFO]: [BedWars1058-PGStats] Loading server plugin BedWars1058-PGStats v2.3
[18:42:23] [Server thread/INFO]: [BedWars1058-MapSelector] Loading server plugin BedWars1058-MapSelector v1.4.8
[18:42:23] [Server thread/INFO]: [BedWars1058-AntiDrop] Loading server plugin BedWars1058-AntiDrop v1.2.1
[18:42:23] [Server thread/INFO]: Server permissions file permissions.yml is empty, ignoring it
[18:42:23] [Server thread/INFO]: [LuckPerms] Enabling LuckPerms v5.4.131
[18:42:24] [Server thread/INFO]:         __    
[18:42:24] [Server thread/INFO]:   |    |__)   LuckPerms v5.4.131
[18:42:24] [Server thread/INFO]:   |___ |      Running on Bukkit - Paper
[18:42:24] [Server thread/INFO]: 
[18:42:24] [Server thread/INFO]: [LuckPerms] Loading configuration...
[18:42:24] [Server thread/INFO]: [LuckPerms] Loading storage provider... [H2]
[18:42:25] [Server thread/INFO]: [LuckPerms] Loading internal permission managers...
[18:42:25] [Server thread/INFO]: [LuckPerms] Performing initial data load...
[18:42:25] [Server thread/INFO]: [LuckPerms] Successfully enabled. (took 1790ms)
[18:42:25] [Server thread/WARN]: **** SERVER IS RUNNING IN OFFLINE/INSECURE MODE!
[18:42:25] [Server thread/WARN]: The server will make no attempt to authenticate usernames. Beware.
[18:42:25] [Server thread/WARN]: While this makes the game possible to play without internet access, it also opens up the ability for hackers to connect with any username they choose.
[18:42:25] [Server thread/WARN]: To change this, set "online-mode" to "true" in the server.properties file.
[18:42:25] [Server thread/INFO]: Preparing level "world"
[18:42:26] [Server thread/INFO]: Preparing start region for dimension minecraft:overworld
[18:42:26] [Server thread/INFO]: Time elapsed: 258 ms
[18:42:26] [Server thread/INFO]: Preparing start region for dimension minecraft:the_nether
[18:42:26] [Server thread/INFO]: Time elapsed: 31 ms
[18:42:26] [Server thread/INFO]: Preparing start region for dimension minecraft:the_end
[18:42:26] [Server thread/INFO]: Time elapsed: 25 ms
[18:42:26] [Server thread/INFO]: [PlaceholderAPI] Enabling PlaceholderAPI v2.11.6
[18:42:27] [Server thread/INFO]: [PlaceholderAPI] Fetching available expansion information...
[18:42:27] [Server thread/INFO]: [floodgate] Enabling floodgate v2.2.3-SNAPSHOT (b109-49bd564)
[18:42:28] [Server thread/INFO]: [ViaVersion] Enabling ViaVersion v5.0.2
[18:42:28] [Server thread/INFO]: [ViaVersion] ViaVersion detected server version: 1.20-1.20.1 (763)
[18:42:28] [Server thread/INFO]: [BedWars1058] Enabling BedWars1058 v24.9
[18:42:28] [Server thread/INFO]: [BedWars1058] Using internal world restore system.
[18:42:28] [Server thread/INFO]: Registering /party command..
[18:42:28] [Server thread/INFO]: [BedWars1058] Arena bloom was added to the enable queue.
[18:42:28] [Server thread/INFO]: [BedWars1058] Loading arena: bloom
[18:42:28] [Server thread/INFO]: [BedWars1058] Arena bloomduo was added to the enable queue.
[18:42:28] [Server thread/INFO]: [BedWars1058] Arena chained was added to the enable queue.
[18:42:28] [Server thread/INFO]: [BedWars1058] Arena easterbasket was added to the enable queue.
[18:42:28] [Server thread/INFO]: [BedWars1058] Arena easterbasketduo was added to the enable queue.
[18:42:28] [Server thread/INFO]: [BedWars1058] Arena eastwood was added to the enable queue.
[18:42:28] [Server thread/INFO]: [BedWars1058] Arena meadow was added to the enable queue.
[18:42:28] [Server thread/INFO]: [BedWars1058] Arena meadowduo was added to the enable queue.
[18:42:28] [Server thread/INFO]: [BedWars1058] Arena sunflower was added to the enable queue.
[18:42:28] [Server thread/INFO]: [BedWars1058] Arena sunflowerduo was added to the enable queue.
[18:42:28] [Server thread/INFO]: [BedWars1058] Arena treenan was added to the enable queue.
[18:42:29] [Server thread/INFO]: [BedWars1058] Hooked into PlaceholderAPI support!
[18:42:29] [Server thread/INFO]: [PlaceholderAPI] Successfully registered internal expansion: bw1058 [24.9]
[18:42:29] [Server thread/WARN]: Scoreboard tab header-footer refresh interval is set to: 10
[18:42:29] [Server thread/WARN]: It is not recommended to use a value under 20 ticks.
[18:42:29] [Server thread/WARN]: If you expect performance issues please increase its timer.
[18:42:29] [Server thread/INFO]: [BedWars1058] Initializing SidebarLib by andrei1058
[18:42:29] [Server thread/INFO]: [Geyser-Spigot] Enabling Geyser-Spigot v2.4.0-SNAPSHOT
[18:42:29] [Server thread/INFO]: [ViaBackwards] Enabling ViaBackwards v5.0.1
[18:42:29] [Server thread/INFO]: [DecentHolograms] Enabling DecentHolograms v2.8.11
[18:42:29] [Server thread/INFO]: [NBTAPI] [NBTAPI] Found Minecraft: v1_20_R1! Trying to find NMS support
[18:42:29] [Server thread/INFO]: [NBTAPI] [NBTAPI] NMS support 'MC1_20_R1' loaded!
[18:42:29] [Server thread/INFO]: [NBTAPI] [NBTAPI] Using the plugin 'DecentHolograms' to create a bStats instance!
[18:42:29] [Server thread/INFO]: [ServersNPC] Enabling ServersNPC v4.7
[18:42:29] [Server thread/INFO]: [BedWars1058-TeamSelector] Enabling BedWars1058-TeamSelector v0.7
[18:42:29] [Server thread/INFO]: [BedWars1058-TeamSelector] Hook into BedWars1058!
[18:42:29] [Server thread/INFO]: [OldCombatMechanics] Enabling OldCombatMechanics v2.0.2
[18:42:30] [Server thread/ERROR]: [OldCombatMechanics] [STDERR] Failed to load Reflector
[18:42:30] [Server thread/WARN]: Nag author(s): '[kernitus, Rayzr522]' of 'OldCombatMechanics v2.0.2' about their usage of System.out/err.print. Please use your plugin's logger instead (JavaPlugin#getLogger).
[18:42:30] [Server thread/WARN]: java.lang.ArrayIndexOutOfBoundsException: Index 2 out of bounds for length 2
[18:42:30] [Server thread/WARN]: 	at OldCombatMechanics.jar//kernitus.plugin.OldCombatMechanics.utilities.reflection.Reflector.<clinit>(Reflector.java:32)
[18:42:30] [Server thread/WARN]: 	at OldCombatMechanics.jar//kernitus.plugin.OldCombatMechanics.OCMMain.registerModules(OCMMain.java:196)
[18:42:30] [Server thread/WARN]: 	at OldCombatMechanics.jar//kernitus.plugin.OldCombatMechanics.OCMMain.onEnable(OCMMain.java:85)
[18:42:30] [Server thread/WARN]: 	at org.bukkit.plugin.java.JavaPlugin.setEnabled(JavaPlugin.java:281)
[18:42:30] [Server thread/WARN]: 	at io.papermc.paper.plugin.manager.PaperPluginInstanceManager.enablePlugin(PaperPluginInstanceManager.java:189)
[18:42:30] [Server thread/WARN]: 	at io.papermc.paper.plugin.manager.PaperPluginManagerImpl.enablePlugin(PaperPluginManagerImpl.java:104)
[18:42:30] [Server thread/WARN]: 	at org.bukkit.plugin.SimplePluginManager.enablePlugin(SimplePluginManager.java:507)
[18:42:30] [Server thread/WARN]: 	at org.bukkit.craftbukkit.v1_20_R1.CraftServer.enablePlugin(CraftServer.java:562)
[18:42:30] [Server thread/WARN]: 	at org.bukkit.craftbukkit.v1_20_R1.CraftServer.enablePlugins(CraftServer.java:473)
[18:42:30] [Server thread/WARN]: 	at net.minecraft.server.MinecraftServer.loadWorld0(MinecraftServer.java:636)
[18:42:30] [Server thread/WARN]: 	at net.minecraft.server.MinecraftServer.loadLevel(MinecraftServer.java:435)
[18:42:30] [Server thread/WARN]: 	at net.minecraft.server.dedicated.DedicatedServer.e(DedicatedServer.java:308)
[18:42:30] [Server thread/WARN]: 	at net.minecraft.server.MinecraftServer.w(MinecraftServer.java:1101)
[18:42:30] [Server thread/WARN]: 	at net.minecraft.server.MinecraftServer.lambda$spin$0(MinecraftServer.java:318)
[18:42:30] [Server thread/WARN]: 	at java.base/java.lang.Thread.run(Thread.java:1583)
[18:42:30] [Server thread/WARN]: [OldCombatMechanics] No ProtocolLib detected, attack-sounds and sword-sweep-particles modules will be disabled
[18:42:30] [Server thread/INFO]: [PlaceholderAPI] Successfully registered internal expansion: ocm [2.0.2]
[18:42:30] [Server thread/INFO]: [OldCombatMechanics] OldCombatMechanics v2.0.2 has been enabled
[18:42:30] [Server thread/INFO]: [GrimAC] Enabling GrimAC v2.3.65
[18:42:30] [Server thread/INFO]: [GrimAC] Registering singular bukkit event... (PistonEvent)
[18:42:30] [Server thread/INFO]: [GrimAC] Registering packets...
[18:42:30] [Server thread/INFO]: [GrimAC] Registering tick schedulers...
[18:42:30] [Server thread/INFO]: [GrimAC] [ACF] Enabled Asynchronous Tab Completion Support!
[18:42:30] [Server thread/INFO]: [GadgetsMenu] Enabling GadgetsMenu v5.20.3
[18:42:30] [Server thread/INFO]: [GadgetsMenu] ------------------------------------------------------
[18:42:30] [Server thread/INFO]: [GadgetsMenu]     GadgetsMenu is no longer support server 1.20.
[18:42:30] [Server thread/INFO]: [GadgetsMenu]    Please update the server to the latest supported
[18:42:30] [Server thread/INFO]: [GadgetsMenu]         version. The plugin will be disabled.
[18:42:30] [Server thread/INFO]: [GadgetsMenu] ------------------------------------------------------
[18:42:30] [Server thread/INFO]: [GadgetsMenu] Disabling GadgetsMenu v5.20.3
[18:42:30] [Server thread/INFO]: [BedWars1058-WinStreak] Enabling BedWars1058-WinStreak v2.0.1-BETA
[18:42:31] [Server thread/INFO]: --------------------------------------------------
[18:42:31] [Server thread/INFO]: Loading WinStreak add-on 2.0.1-BETA ...
[18:42:31] [Server thread/INFO]: The add-on was developed by reussy. Much love ❤
[18:42:31] [Server thread/INFO]: Running on git-Paper-17 (MC: 1.20) fork 1.20-R0.1-SNAPSHOT.
[18:42:31] [Server thread/INFO]: 
[18:42:31] [Server thread/INFO]: Initializing API classes, utilities and wrappers...
[18:42:31] [Server thread/INFO]: WinStreak add-on API initialized successfully, the API is ready to use.
[18:42:31] [Server thread/INFO]: 
[18:42:31] [Server thread/INFO]: Initializing plugin integrations...
[18:42:31] [Server thread/INFO]: Using BedWars1058 as Bed Wars core.
[18:42:31] [Server thread/INFO]: [PlaceholderAPI] Successfully registered internal expansion: winstreak [1.2.0]
[18:42:31] [Server thread/INFO]: Successfully loaded PlaceholderAPI integration, registering expansion...
[18:42:31] [Server thread/INFO]: 
[18:42:31] [Server thread/INFO]: Registering storage service...
[18:42:31] [Server thread/INFO]: Storage service SQLite registered.
[18:42:31] [Server thread/INFO]: 
[18:42:31] [Server thread/INFO]: WinStreak add-on 2.0.1-BETA loaded in 148ms.
[18:42:31] [Server thread/INFO]: --------------------------------------------------
[18:42:31] [Server thread/INFO]: [BedWars1058-Ultimate] Enabling BedWars1058-Ultimate v1.2.0
[18:42:31] [Server thread/INFO]: [BedWars1058-SpectatorOptions] Enabling BedWars1058-SpectatorOptions v2.0.0
[18:42:31] [Server thread/INFO]: [BedWars1058-PGStats] Enabling BedWars1058-PGStats v2.3*
[18:42:31] [Server thread/INFO]: [BedWars1058-PGStats] Hooking to PlaceholderAPI...
[18:42:31] [Server thread/INFO]: [PlaceholderAPI] Successfully registered internal expansion: pgstats [2.0]
[18:42:31] [Server thread/INFO]: [BedWars1058-PGStats] Placeholders registered successfully.
[18:42:31] [Server thread/INFO]: [BedWars1058-PGStats] Listeners are ready, plugin enabled!
[18:42:31] [Server thread/INFO]: [BedWars1058-MapSelector] Enabling BedWars1058-MapSelector v1.4.8*
[18:42:31] [Server thread/INFO]: Hooked into BedWars1058
[18:42:31] [Server thread/INFO]: [com.zaxxer.hikari.HikariDataSource] MapSelector-Pool - Starting...
[18:42:31] [Server thread/INFO]: [com.zaxxer.hikari.HikariDataSource] MapSelector-Pool - Start completed.
[18:42:31] [Server thread/INFO]: [BedWars1058-MapSelector] Connected to the database
[18:42:31] [Server thread/INFO]: [PlaceholderAPI] Successfully registered internal expansion: mapselector [1.4.8]
[18:42:31] [Server thread/INFO]: [BedWars1058-MapSelector] BedWars1058-MapSelector plugin by itz_leoo has been successfully enabled.
[18:42:31] [Server thread/INFO]: [BedWars1058-AntiDrop] Enabling BedWars1058-AntiDrop v1.2.1*
[18:42:32] [Server thread/INFO]: [PlaceholderAPI] Placeholder expansion registration initializing...
[18:42:32] [Server thread/INFO]: [Geyser-Spigot] ******************************************
[18:42:32] [Server thread/INFO]: [Geyser-Spigot] 
[18:42:32] [Server thread/INFO]: [Geyser-Spigot] Загрузка Geyser версии 2.4.0-b627 (git-master-efe2736)
[18:42:32] [Server thread/INFO]: [Geyser-Spigot] 
[18:42:32] [Server thread/INFO]: [Geyser-Spigot] ******************************************
[18:42:35] [nioEventLoopGroup-3-1/INFO]: [Geyser-Spigot] Geyser запущен на 0.0.0.0:19132
[18:42:35] [Server thread/INFO]: [Geyser-Spigot] Выполнено (3,28сек.)! Используйте команду /geyser help для помощи!
[18:42:35] [Server thread/INFO]: Starting GS4 status listener
[18:42:35] [Server thread/INFO]: Thread Query Listener started
[18:42:35] [Query Listener #1/INFO]: Query running on 0.0.0.0:25565
[18:42:35] [Server thread/INFO]: Running delayed init tasks
[18:42:35] [Craft Scheduler Thread - 2 - ViaVersion/INFO]: [ViaVersion] Finished mapping loading, shutting down loader executor!
[18:42:35] [Craft Scheduler Thread - 4 - BedWars1058/WARN]: [BedWars1058] Support for v1_20_R1 is scheduled for removal. Please consider upgrading your server software to a newer Minecraft version.
[18:42:35] [Server thread/INFO]: [PlaceholderAPI] Successfully registered external expansion: bw1058plus [1.2.2]
[18:42:35] [Server thread/INFO]: 1 placeholder hook(s) registered!
[18:42:35] [Server thread/INFO]: Done (22.981s)! For help, type "help"
[18:42:35] [Server thread/INFO]: Timings Reset
[18:42:35] [ForkJoinPool.commonPool-worker-1/INFO]: [Geyser-Spigot] Доступно обновление Geyser для поддержки Bedrock версии 1.21.70. Загрузите его здесь: https://geysermc.org/download
[18:42:36] [Server thread/INFO]: Preparing start region for dimension minecraft:bloom
[18:42:36] [Craft Scheduler Thread - 7 - DecentHolograms/INFO]: 
A newer version of DecentHolograms is available. Download it from: 
- https://www.spigotmc.org/resources/96927/
- https://modrinth.com/plugin/decentholograms
[18:42:37] [Server thread/INFO]: Time elapsed: 1750 ms
[18:42:37] [Server thread/INFO]: [BedWars1058] Loading arena: bloomduo
[18:42:37] [Server thread/WARN]: [BedWars1058] Using TeamSelectorAssigner team assigner on arena: bloom
[18:42:37] [Server thread/INFO]: [BedWars1058] Load done: bloom
[18:42:37] [Server thread/WARN]: [ViaVersion] There is a newer plugin version available: 5.3.1, you're on: 5.0.2
[18:42:37] [Server thread/INFO]: [BedWars1058] Loading internal Party system. /party
[18:42:38] [Server thread/INFO]: Preparing start region for dimension minecraft:bloomduo
[18:42:38] [Server thread/INFO]: Time elapsed: 44 ms
[18:42:38] [Server thread/INFO]: [BedWars1058] Loading arena: chained
[18:42:38] [Server thread/WARN]: [BedWars1058] Using TeamSelectorAssigner team assigner on arena: bloomduo
[18:42:38] [Server thread/INFO]: [BedWars1058] Load done: bloomduo
[18:42:38] [Server thread/INFO]: Preparing start region for dimension minecraft:chained
[18:42:39] [Craft Scheduler Thread - 18 - OldCombatMechanics/INFO]: [OldCombatMechanics] An update for OldCombatMechanics to version 2.0.4 is available!
[18:42:39] [Craft Scheduler Thread - 18 - OldCombatMechanics/INFO]: [OldCombatMechanics] Click here to download it: https://www.spigotmc.org/resources/oldcombatmechanics.19510/update?update=567035
[18:42:39] [Server thread/INFO]: Time elapsed: 895 ms
[18:42:39] [Server thread/INFO]: [BedWars1058] Loading arena: easterbasket
[18:42:39] [Server thread/WARN]: [BedWars1058] Using TeamSelectorAssigner team assigner on arena: chained
[18:42:39] [Server thread/INFO]: [BedWars1058] Load done: chained
[18:42:39] [Server thread/INFO]: Preparing start region for dimension minecraft:easterbasket
[18:42:39] [Server thread/INFO]: Time elapsed: 36 ms
[18:42:39] [Server thread/INFO]: [BedWars1058] Loading arena: easterbasketduo
[18:42:39] [Server thread/WARN]: [BedWars1058] Using TeamSelectorAssigner team assigner on arena: easterbasket
[18:42:39] [Server thread/INFO]: [BedWars1058] Load done: easterbasket
[18:42:39] [Server thread/INFO]: Preparing start region for dimension minecraft:easterbasketduo
[18:42:40] [Server thread/INFO]: Time elapsed: 51 ms
[18:42:40] [Server thread/INFO]: [BedWars1058] Loading arena: eastwood
[18:42:40] [Server thread/WARN]: [BedWars1058] Using TeamSelectorAssigner team assigner on arena: easterbasketduo
[18:42:40] [Server thread/INFO]: [BedWars1058] Load done: easterbasketduo
[18:42:40] [Server thread/INFO]: Preparing start region for dimension minecraft:eastwood
[18:42:41] [Server thread/INFO]: Time elapsed: 465 ms
[18:42:41] [Server thread/INFO]: [BedWars1058] Loading arena: meadow
[18:42:41] [Server thread/WARN]: [BedWars1058] Using TeamSelectorAssigner team assigner on arena: eastwood
[18:42:41] [Server thread/INFO]: [BedWars1058] Load done: eastwood
[18:42:41] [Server thread/INFO]: Preparing start region for dimension minecraft:meadow
[18:42:41] [Server thread/INFO]: Time elapsed: 35 ms
[18:42:41] [Server thread/INFO]: [BedWars1058] Loading arena: meadowduo
[18:42:41] [Server thread/WARN]: [BedWars1058] Using TeamSelectorAssigner team assigner on arena: meadow
[18:42:41] [Server thread/INFO]: [BedWars1058] Load done: meadow
[18:42:42] [Server thread/INFO]: Preparing start region for dimension minecraft:meadowduo
[18:42:42] [Server thread/INFO]: Time elapsed: 64 ms
[18:42:42] [Server thread/INFO]: [BedWars1058] Loading arena: sunflower
[18:42:42] [Server thread/WARN]: [BedWars1058] Using TeamSelectorAssigner team assigner on arena: meadowduo
[18:42:42] [Server thread/INFO]: [BedWars1058] Load done: meadowduo
[18:42:42] [Server thread/INFO]: Preparing start region for dimension minecraft:sunflower
[18:42:42] [Server thread/INFO]: Time elapsed: 29 ms
[18:42:42] [Server thread/INFO]: [BedWars1058] Loading arena: sunflowerduo
[18:42:42] [Server thread/WARN]: [BedWars1058] Using TeamSelectorAssigner team assigner on arena: sunflower
[18:42:42] [Server thread/INFO]: [BedWars1058] Load done: sunflower
[18:42:42] [Server thread/INFO]: Preparing start region for dimension minecraft:sunflowerduo
[18:42:42] [Server thread/INFO]: Time elapsed: 57 ms
[18:42:42] [Server thread/INFO]: [BedWars1058] Loading arena: treenan
[18:42:42] [Server thread/WARN]: [BedWars1058] Using TeamSelectorAssigner team assigner on arena: sunflowerduo
[18:42:42] [Server thread/INFO]: [BedWars1058] Load done: sunflowerduo
[18:42:43] [Server thread/INFO]: Preparing start region for dimension minecraft:treenan
[18:42:43] [Server thread/INFO]: Time elapsed: 206 ms
[18:42:43] [Server thread/WARN]: [BedWars1058] Using TeamSelectorAssigner team assigner on arena: treenan
[18:42:43] [Server thread/INFO]: [BedWars1058] Load done: treenan
[18:42:44] [Server thread/INFO]: [BedWars1058] This server is running in MULTIARENA with auto-scale false
[18:43:04] [Server thread/INFO]: Unknown command. Type "/help" for help.
[18:43:07] [Server thread/INFO]: Server Plugins (20):
[18:43:07] [Server thread/INFO]: Bukkit Plugins:
[18:43:07] [Server thread/INFO]:  - BedWars1058, BedWars1058, *BedWars1058-AntiDrop, *BedWars1058-MapSelector, *BedWars1058-PGStats, BedWars1058-SpectatorOptions, BedWars1058-TeamSelector, BedWars1058-Ultimate, BedWars1058-WinStreak, DecentHolograms
[18:43:07] [Server thread/INFO]:  floodgate, GadgetsMenu, Geyser-Spigot, GrimAC, LuckPerms, OldCombatMechanics, PlaceholderAPI, ServersNPC, ViaBackwards, ViaVersion
